<?xml version="1.0" encoding="UTF-8"?>
<!-- Generated by org.testng.reporters.JUnitReportReporter -->
<testsuite skipped="0" hostname="LAPTOP-S9B5KT58" name="com.acti.TestCase.LoginPageTest" tests="1" failures="0" timestamp="05 May 2020 20:38:19 GMT" time="19.876" errors="0">
  <testcase name="testValidateLoginFunction1" time="19.876" classname="com.acti.TestCase.LoginPageTest"/>
</testsuite> <!-- com.acti.TestCase.LoginPageTest -->
